0000000000000000 T __code_start
0000000000000000 A __start__
0000000000000000 T _start
0000000000000000 b _TLS_MODULE_BASE_
0000000000000000 0000000000000004 b fsdev_last_result
0000000000000004 0000000000000004 b g_fsPriority
0000000000000008 0000000000000401 B __nx_dev_path_buf
0000000000000108 T __nx_exit
0000000000000118 T __nx_mod0
0000000000000140 T _init
0000000000000180 0000000000000038 T exit
00000000000001c0 0000000000000084 T main
0000000000000250 t __do_global_dtors_aux
00000000000002a0 t frame_dummy
00000000000002d0 0000000000000024 t _appletInfiniteSleepLoop
0000000000000300 0000000000000108 t _appletCmdGetSession
0000000000000410 00000000000000cc t _appletCmdInU8NoOut
00000000000004e0 0000000000000104 t _appletGetLaunchReason
00000000000005f0 00000000000000e4 t _appletSetFocusHandlingMode
00000000000006e0 00000000000000cc t _appletCmdInU32NoOut
00000000000007b0 0000000000000138 t _appletGetSessionProxy.constprop.0
00000000000008f0 0000000000000154 t _appletOpenLibraryAppletProxy.constprop.0
0000000000000a50 00000000000000d0 t _appletCmdGetHandle.constprop.0.isra.0
0000000000000b20 00000000000000d4 t _appletCmdNoInOutU8.isra.0
0000000000000c00 00000000000000d4 t _appletCmdNoInOutU32.isra.0
0000000000000ce0 00000000000000d4 t _appletCmdNoInOutU64.isra.0
0000000000000dc0 00000000000000c0 t _appletCmdNoIO.isra.0
0000000000000e80 0000000000000010 T appletGetAppletType
0000000000000e90 0000000000000118 T appletSetFocusHandlingMode
0000000000000fb0 000000000000005c T appletSetCpuBoostMode
0000000000001010 000000000000002c T appletCreateManagedDisplayLayer
0000000000001040 000000000000000c T appletGetAppletResourceUserId
0000000000001050 00000000000000f8 t _appletGetIndirectLayerConsumerHandle
0000000000001150 0000000000000088 t _appletHolderCreateState
00000000000011e0 00000000000000a8 T appletHolderClose
0000000000001290 0000000000000024 T appletHolderGetLibraryAppletInfo
00000000000012c0 0000000000000090 T appletNotifyRunning
0000000000001350 000000000000008c T appletSetGamePlayRecordingState
00000000000013e0 0000000000000ac0 t _appletCleanup
0000000000001ea0 0000000000000044 T appletExit
0000000000001ef0 0000000000000040 T appletGetLibraryAppletInfo
0000000000001f30 0000000000000a10 T appletInitialize
0000000000002940 0000000000000024 t _appletExitProcess
0000000000002970 0000000000000074 T appletGetMessage
00000000000029f0 0000000000000248 T appletProcessMessage
0000000000002c40 0000000000000034 T appletMainLoop
0000000000002c80 0000000000000014 T hosversionGet
0000000000002ca0 0000000000000010 T hosversionSet
0000000000002cb0 000000000000024c T envSetup
0000000000002f00 0000000000000020 T envGetMainThreadHandle
0000000000002f20 000000000000000c T envIsNso
0000000000002f30 0000000000000014 T envHasHeapOverride
0000000000002f50 000000000000000c T envGetHeapOverrideAddr
0000000000002f60 000000000000000c T envGetHeapOverrideSize
0000000000002f70 0000000000000014 T envHasArgv
0000000000002f90 000000000000000c T envGetArgv
0000000000002fa0 000000000000000c T envGetExitFuncPtr
0000000000002fb0 000000000000000c T envSetExitFuncPtr
0000000000002fc0 000000000000000c T envHasRandomSeed
0000000000002fd0 0000000000000018 T envGetRandomSeed
0000000000002ff0 000000000000005c t _padUpdateWithCommonState
0000000000003050 000000000000009c T padConfigureInput
00000000000030f0 0000000000000020 T padInitializeWithMask
0000000000003110 0000000000000228 T padUpdate
0000000000003340 000000000000001c W diagAbortWithResult
0000000000003360 0000000000000048 t consoleDrawChar
00000000000033b0 00000000000000b0 t consoleNewRow
0000000000003460 0000000000000c38 t con_write
00000000000040a0 0000000000000160 T consoleInit
0000000000004200 0000000000000048 T consoleExit
0000000000004250 000000000000002c T consoleUpdate
0000000000004280 0000000000000194 t ConsoleSwRenderer_drawChar
0000000000004420 00000000000000f4 t ConsoleSwRenderer_init
0000000000004520 0000000000000070 t ConsoleSwRenderer_flushAndSwap
0000000000004590 00000000000000c8 t ConsoleSwRenderer_scrollWindow
0000000000004660 000000000000004c t ConsoleSwRenderer_deinit
00000000000046b0 000000000000000c W getDefaultConsoleRenderer
00000000000046bc T svcSetHeapSize
00000000000046d0 T svcSetMemoryAttribute
00000000000046d8 T svcUnmapMemory
00000000000046e0 T svcQueryMemory
00000000000046f4 T svcExitProcess
00000000000046fc T svcSleepThread
0000000000004704 T svcMapSharedMemory
000000000000470c T svcUnmapSharedMemory
0000000000004714 T svcCreateTransferMemory
0000000000004728 T svcCloseHandle
0000000000004730 T svcResetSignal
0000000000004738 T svcWaitSynchronization
000000000000474c T svcArbitrateLock
0000000000004754 T svcArbitrateUnlock
000000000000475c T svcWaitProcessWideKeyAtomic
0000000000004764 T svcSignalProcessWideKey
000000000000476c T svcConnectToNamedPort
0000000000004780 T svcSendSyncRequest
0000000000004788 T svcBreak
0000000000004790 T svcReturnFromException
0000000000004798 T svcGetInfo
00000000000047ac T svcUnmapTransferMemory
00000000000047c0 000000000000045c T waitObjects
0000000000004c20 00000000000000a8 T tmemCreate
0000000000004cd0 0000000000000034 T tmemUnmap
0000000000004d10 0000000000000068 T tmemClose
0000000000004d80 0000000000000080 T mutexLock
0000000000004e00 0000000000000068 T mutexUnlock
0000000000004e70 000000000000001c T mutexIsLockedByCurrentThread
0000000000004e90 000000000000004c T rmutexLock
0000000000004ee0 000000000000001c T rmutexUnlock
0000000000004f00 0000000000000064 t _memregionInitWithInfo
0000000000004f70 0000000000000004 W __libnx_virtmem_rng
0000000000004f80 0000000000000178 t _memregionFindRandom
0000000000005100 0000000000000120 T virtmemSetup
0000000000005220 000000000000000c T virtmemLock
0000000000005230 000000000000000c T virtmemUnlock
0000000000005240 0000000000000054 T virtmemFindAslr
00000000000052a0 000000000000000c T eventLoadRemote
00000000000052b0 0000000000000038 T eventWait
00000000000052f0 0000000000000050 T eventClose
0000000000005340 00000000000003d4 T randomGet
0000000000005720 0000000000000020 T randomGet64
0000000000005740 00000000000000c0 t _apmCleanup
0000000000005800 00000000000000fc t _apmCmdGetSession.constprop.0
0000000000005900 00000000000000a0 T apmInitialize
00000000000059a0 0000000000000044 T apmExit
00000000000059f0 00000000000000c8 T apmSetPerformanceConfiguration
0000000000005ac0 00000000000000d0 t _smCmifCmdInPid
0000000000005b90 0000000000000068 t _smCleanup
0000000000005c00 0000000000000048 T smAddOverrideHandle
0000000000005c50 0000000000000054 T smGetServiceOverride
0000000000005cb0 00000000000001c0 T smInitialize
0000000000005e70 0000000000000044 T smExit
0000000000005ec0 00000000000000d0 T smGetServiceOriginal
0000000000005f90 0000000000000120 T smGetServiceWrapper
00000000000060b0 0000000000000108 t _hidCleanup
00000000000061c0 00000000000000d4 t _hidCmdInAruidNoOut
00000000000062a0 00000000000000e0 t _hidCmdInU32AruidNoOut
0000000000006380 0000000000000184 t _hidGetStates
0000000000006510 0000000000000118 t _hidCreateAppletResource.constprop.0
0000000000006630 00000000000000c8 t _hidCmdGetHandle.constprop.0
0000000000006700 00000000000000dc T hidInitialize
00000000000067e0 0000000000000044 T hidExit
0000000000006830 000000000000000c T hidGetSharedmemAddr
0000000000006840 0000000000000094 T hidGetNpadStyleSet
00000000000068e0 000000000000006c T hidInitializeNpad
0000000000006950 00000000000000ac T hidGetNpadStatesFullKey
0000000000006a00 00000000000000ac T hidGetNpadStatesHandheld
0000000000006ab0 00000000000000ac T hidGetNpadStatesJoyDual
0000000000006b60 00000000000000ac T hidGetNpadStatesJoyLeft
0000000000006c10 00000000000000ac T hidGetNpadStatesJoyRight
0000000000006cc0 0000000000000174 T hidGetNpadStatesGc
0000000000006e40 00000000000000b0 T hidGetNpadStatesSystemExt
0000000000006ef0 0000000000000008 T hidSetSupportedNpadStyleSet
0000000000006f00 00000000000000fc T hidSetSupportedNpadIdType
0000000000007000 000000000000008c T framebufferMakeLinear
0000000000007090 0000000000000080 T framebufferClose
0000000000007110 00000000000002b8 T framebufferCreate
00000000000073d0 0000000000000088 T framebufferBegin
0000000000007460 0000000000000174 T framebufferEnd
00000000000075e0 000000000000000c T nwindowGetDefault
00000000000075f0 00000000000000c0 T __nx_win_init
00000000000076b0 0000000000000034 T __nx_win_exit
00000000000076f0 0000000000000024 T nwindowIsValid
0000000000007720 0000000000000080 T nwindowClose
00000000000077a0 00000000000000ec T nwindowCreate
0000000000007890 0000000000000034 T nwindowCreateFromLayer
00000000000078d0 0000000000000088 T nwindowSetDimensions
0000000000007960 0000000000000190 T nwindowConfigureBuffer
0000000000007af0 00000000000001d8 T nwindowDequeueBuffer
0000000000007cd0 0000000000000140 T nwindowQueueBuffer
0000000000007e10 0000000000000098 T nwindowReleaseBuffers
0000000000007eb0 00000000000000a0 T __nx_dynamic
0000000000007f50 00000000000000d8 W __libnx_initheap
0000000000008030 00000000000000ec W __appInit
0000000000008120 0000000000000044 W __appExit
0000000000008170 000000000000002c W __libnx_init
00000000000081a0 0000000000000020 W __libnx_exit
00000000000081c0 0000000000000004 W __libnx_alloc
00000000000081d0 0000000000000014 W __libnx_aligned_alloc
00000000000081f0 0000000000000004 W __libnx_free
0000000000008200 000000000000001c T __syscall_exit
0000000000008220 0000000000000034 T __syscall_getreent
0000000000008260 0000000000000004 T __syscall_lock_acquire
0000000000008270 0000000000000004 T __syscall_lock_release
0000000000008280 0000000000000004 T __syscall_lock_acquire_recursive
0000000000008290 0000000000000004 T __syscall_lock_release_recursive
00000000000082a0 0000000000000228 T __libnx_init_time
00000000000084d0 0000000000000084 T newlibSetup
0000000000008560 0000000000000320 W argvSetup
0000000000008880 0000000000000014 t fsdev_link
00000000000088a0 0000000000000014 t fsdev_dirreset
00000000000088c0 0000000000000014 t fsdev_chmod
00000000000088e0 0000000000000018 t error_cmp
0000000000008900 0000000000000020 t fsdev_dirclose
0000000000008920 000000000000001c t fsdev_close
0000000000008940 0000000000000080 t fsdev_converttimetoutc
00000000000089c0 00000000000000b8 t fsdevFindDevice.part.0
0000000000008a80 00000000000001e0 t fsdev_fixpath
0000000000008c60 00000000000000a0 t _fsdevUnmountDeviceStruct.part.0
0000000000008d00 0000000000000014 t fsdev_fchmod
0000000000008d20 0000000000000108 t fsdev_diropen
0000000000008e30 000000000000007c t fsdev_fsync
0000000000008eb0 0000000000000108 t fsdev_fstat
0000000000008fc0 0000000000000094 t fsdev_ftruncate
0000000000009060 00000000000001f8 t fsdev_stat
0000000000009260 0000000000000154 t fsdev_rename
00000000000093c0 0000000000000148 t fsdev_chdir
0000000000009510 00000000000000ac t fsdev_mkdir
00000000000095c0 00000000000000ac t fsdev_unlink
0000000000009670 00000000000000ac t fsdev_rmdir
0000000000009720 0000000000000104 t fsdev_statvfs
0000000000009830 000000000000013c t fsdev_write_safe
0000000000009970 000000000000013c t fsdev_read_safe
0000000000009ab0 0000000000000104 t fsdev_read
0000000000009bc0 00000000000001d4 t fsdev_dirnext
0000000000009da0 0000000000000124 t fsdev_write
0000000000009ed0 00000000000000e4 t fsdev_seek
0000000000009fc0 0000000000000238 t fsdev_open
000000000000a200 000000000000026c T fsdevMountDevice
000000000000a470 0000000000000048 T fsdevMountSdmc
000000000000a4c0 00000000000000cc T __libnx_init_cwd
000000000000a590 0000000000000064 T fsdevUnmountAll
000000000000a600 000000000000012c T decode_utf8
000000000000a72c T armDCacheFlush
000000000000a750 t armDCacheFlush_L0
000000000000a768 W __libnx_exception_entry
000000000000a7f4 t __libnx_exception_entry_start
000000000000a91c t __libnx_exception_entry_abort
000000000000a920 t __libnx_exception_entry_end
000000000000a928 T __libnx_exception_returnentry
000000000000a940 T __aarch64_read_tp
000000000000a950 0000000000000014 T shmemLoadRemote
000000000000a970 0000000000000088 T shmemMap
000000000000aa00 0000000000000034 T shmemUnmap
000000000000aa40 0000000000000044 T shmemClose
000000000000aa90 0000000000000064 T condvarWaitTimeout
000000000000ab00 00000000000000ac T __libnx_init_thread
000000000000abb0 00000000000001dc t _viCleanup
000000000000ad90 0000000000000100 t _viCmdGetSessionNoParams.constprop.0
000000000000ae90 00000000000000fc t _viCmdGetSession.constprop.0
000000000000af90 000000000000025c T viInitialize
000000000000b1f0 0000000000000044 T viExit
000000000000b240 000000000000000c T viGetSession_IHOSBinderDriverRelay
000000000000b250 0000000000000110 T viOpenDisplay
000000000000b360 00000000000000f4 T viCloseDisplay
000000000000b460 00000000000000fc T viCloseLayer
000000000000b560 000000000000038c T viCreateLayer
000000000000b8f0 00000000000000d8 T viSetLayerScalingMode
000000000000b9d0 00000000000000d4 t _setsysGetFirmwareVersionImpl
000000000000bab0 0000000000000068 t _setsysCleanup
000000000000bb20 00000000000000a0 T setsysInitialize
000000000000bbc0 0000000000000044 T setsysExit
000000000000bc10 0000000000000044 T setsysGetFirmwareVersion
000000000000bc60 00000000000000b4 t _fsCleanup
000000000000bd20 00000000000001b0 t _fsCmdNoIO
000000000000bed0 00000000000001d4 t _fsFsCmdWithInPath
000000000000c0b0 00000000000001fc t _fsFsCmdWithTwoInPaths
000000000000c2b0 000000000000023c t _fsFsOpenCommon
000000000000c4f0 00000000000001f0 t _fsFsCmdWithInPathAndOutU64
000000000000c6e0 00000000000000f4 t _fsObjectClose
000000000000c7e0 000000000000017c t _fsCmdGetSession.constprop.0
000000000000c960 0000000000000318 T fsInitialize
000000000000cc80 0000000000000044 T fsExit
000000000000ccd0 0000000000000008 T fsOpenSdCardFileSystem
000000000000cce0 00000000000001e4 T fsFsCreateFile
000000000000ced0 0000000000000008 T fsFsDeleteFile
000000000000cee0 0000000000000008 T fsFsCreateDirectory
000000000000cef0 0000000000000008 T fsFsDeleteDirectory
000000000000cf00 0000000000000008 T fsFsRenameFile
000000000000cf10 0000000000000008 T fsFsRenameDirectory
000000000000cf20 00000000000001ec T fsFsGetEntryType
000000000000d110 0000000000000008 T fsFsOpenFile
000000000000d120 0000000000000008 T fsFsOpenDirectory
000000000000d130 0000000000000008 T fsFsGetFreeSpace
000000000000d140 0000000000000008 T fsFsGetTotalSpace
000000000000d150 0000000000000230 T fsFsGetFileTimeStampRaw
000000000000d380 0000000000000004 T fsFsClose
000000000000d390 0000000000000210 T fsFileRead
000000000000d5a0 0000000000000200 T fsFileWrite
000000000000d7a0 0000000000000008 T fsFileFlush
000000000000d7b0 00000000000001b4 T fsFileSetSize
000000000000d7b0 00000000000001b4 t fsFileSetSize.localalias
000000000000d970 00000000000001c4 T fsFileGetSize
000000000000d970 00000000000001c4 t fsFileGetSize.localalias
000000000000db40 0000000000000004 T fsFileClose
000000000000db50 0000000000000004 T fsDirClose
000000000000db60 0000000000000204 T fsDirRead
000000000000dd70 00000000000000cc t _nvSetClientPID
000000000000de40 00000000000000d0 t _nvCleanup
000000000000df10 00000000000000d4 t _nvCmdInitialize.constprop.0
000000000000dff0 000000000000001c W __nx_nv_create_tmem
000000000000e010 0000000000000220 T nvInitialize
000000000000e230 0000000000000044 T nvExit
000000000000e280 0000000000000140 T nvConvertError
000000000000e3c0 0000000000000114 T nvOpen
000000000000e4e0 0000000000000290 T nvIoctl
000000000000e770 00000000000000d8 T nvClose
000000000000e850 0000000000000108 T nvQueryEvent
000000000000e960 0000000000000228 t _timeCleanup
000000000000eb90 00000000000000c8 t _timeCmdNoInOutU64.constprop.0
000000000000ec60 0000000000000100 t _timeCmdGetSession.constprop.0
000000000000ed60 00000000000000cc t _timeGetSharedMemoryNativeHandle.constprop.0
000000000000ee30 0000000000000110 t _timeReadClockFromSharedMem
000000000000ef40 0000000000000238 T timeInitialize
000000000000f180 0000000000000044 T timeExit
000000000000f1d0 0000000000000038 T timeGetServiceSession_SystemClock
000000000000f210 000000000000005c T timeGetCurrentTime
000000000000f270 0000000000000110 T timeToCalendarTimeWithMyRule
000000000000f380 0000000000000104 T timeToPosixTimeWithMyRule
000000000000f490 000000000000007c t _nvFenceCleanup
000000000000f510 0000000000000098 T nvFenceInit
000000000000f5b0 0000000000000044 T nvFenceExit
000000000000f600 0000000000000234 T nvFenceWait
000000000000f840 0000000000000074 T nvMultiFenceWait
000000000000f8c0 00000000000000b4 T nvMapInit
000000000000f980 000000000000006c T nvMapExit
000000000000f9f0 0000000000000080 T nvMapClose
000000000000fa70 0000000000000160 T nvMapCreate
000000000000fbd0 0000000000000028 T nvioctlNvhostCtrl_EventSignal
000000000000fc00 0000000000000044 T nvioctlNvhostCtrl_EventWait
000000000000fc50 0000000000000030 T nvioctlNvhostCtrl_EventWaitAsync
000000000000fc80 0000000000000028 T nvioctlNvhostCtrl_EventRegister
000000000000fcb0 0000000000000028 T nvioctlNvhostCtrl_EventUnregister
000000000000fce0 0000000000000040 T nvioctlNvmap_Create
000000000000fd20 0000000000000040 T nvioctlNvmap_Alloc
000000000000fd60 0000000000000030 T nvioctlNvmap_Free
000000000000fd90 0000000000000040 T nvioctlNvmap_GetId
000000000000fdd0 00000000000000d8 T bqRequestBuffer
000000000000feb0 0000000000000160 T bqDequeueBuffer
0000000000010010 00000000000000dc T bqQueueBuffer
00000000000100f0 0000000000000094 T bqCancelBuffer
0000000000010190 00000000000000e4 T bqConnect
0000000000010280 000000000000009c T bqDisconnect
0000000000010320 0000000000000174 T bqSetPreallocatedBuffer
00000000000104a0 0000000000000018 T binderCreate
00000000000104c0 00000000000003b0 T binderTransactParcel
0000000000010870 0000000000000124 T binderConvertErrorCode
00000000000109a0 0000000000000124 T binderAdjustRefcount
0000000000010ad0 0000000000000098 T binderInitSession
0000000000010b70 0000000000000068 T binderClose
0000000000010be0 0000000000000158 T binderGetNativeHandle
0000000000010d40 0000000000000030 T parcelCreate
0000000000010d70 000000000000019c T parcelTransact
0000000000010f10 0000000000000088 T parcelWriteData
0000000000010fa0 0000000000000098 T parcelReadData
0000000000011040 0000000000000020 T parcelWriteInt32
0000000000011060 0000000000000020 T parcelWriteUInt32
0000000000011080 000000000000007c T parcelWriteString16
0000000000011100 0000000000000030 T parcelWriteInterfaceToken
0000000000011130 0000000000000024 T parcelReadInt32
0000000000011160 0000000000000068 T parcelReadFlattenedObject
00000000000111d0 000000000000004c T parcelWriteFlattenedObject
0000000000011220 00000000000000c4 T nxlinkSetup
00000000000112f0 0000000000000180 T sessionmgrCreate
0000000000011470 0000000000000084 T sessionmgrClose
0000000000011500 00000000000000b4 T sessionmgrAttachClient
00000000000115c0 0000000000000070 T sessionmgrDetachClient
0000000000011630 000000000000002c T aligned_alloc
0000000000011660 00000000000000b8 T bsearch
0000000000011720 0000000000000014 T __errno
0000000000011740 0000000000000044 T __libc_fini_array
0000000000011790 000000000000002c T gmtime
00000000000117c0 000000000000029c T gmtime_r
0000000000011a60 000000000000008c T __libc_init_array
0000000000011af0 000000000000017c T _memalign_r
0000000000011c70 0000000000000024 T malloc
0000000000011ca0 0000000000000024 T free
0000000000011cd0 000000000000086c T _malloc_r
000000000001253c 00000000000000d8 T memchr
0000000000012640 000000000000016c T memcpy
00000000000127c0 00000000000001dc T memset
00000000000129a0 000000000000000c T __malloc_lock
00000000000129b0 000000000000000c T __malloc_unlock
00000000000129c0 0000000000000084 T printf
0000000000012a50 000000000000003c T setenv
0000000000012a90 0000000000000268 T _setenv_r
0000000000012d00 0000000000000278 T setvbuf
0000000000012f80 00000000000000bc T sscanf
0000000000013040 0000000000000050 T __sread
0000000000013090 0000000000000008 T __seofread
00000000000130a0 000000000000006c T __swrite
0000000000013110 0000000000000050 T __sseek
0000000000013160 0000000000000008 T __sclose
0000000000013168 00000000000000dc T strchr
0000000000013280 00000000000000e4 T strcmp
0000000000013380 0000000000000140 T strlen
00000000000134c0 000000000000007c T strncat
000000000001355c 00000000000001b8 T strncmp
0000000000013720 000000000000009c T strncpy
00000000000137e4 00000000000000e0 T strnlen
00000000000138a0 000000000000019c t _strtoul_l.constprop.0
0000000000013a40 0000000000000044 T _strtoul_r
0000000000013a90 0000000000000048 T strtoul
0000000000013ad8 0000000000000074 t get_arg
0000000000013b4c 000000000000310c T __ssvfscanf_r
0000000000016c58 00000000000007e0 t get_arg
0000000000017438 0000000000003c78 T _vfprintf_r
000000000001b0b0 00000000000000f0 t __sbprintf
000000000001b1a0 00000000000000d8 T _wcrtomb_r
000000000001b280 0000000000000010 T _wcsrtombs_r
000000000001b290 0000000000000140 T __swsetup_r
000000000001b3d0 000000000000012c T __call_exitprocs
000000000001b500 000000000000019c t quorem
000000000001b6a0 0000000000001190 T _dtoa_r
000000000001c830 000000000000000c T __env_lock
000000000001c840 000000000000000c T __env_unlock
000000000001c850 0000000000000228 T __sflush_r
000000000001ca80 00000000000000b8 T _fflush_r
000000000001cb40 000000000000000c T _cleanup_r
000000000001cb50 000000000000000c T __sfp_lock_acquire
000000000001cb60 000000000000000c T __sfp_lock_release
000000000001cb70 000000000000000c T __sinit_lock_acquire
000000000001cb80 000000000000000c T __sinit_lock_release
000000000001cb90 0000000000000154 T __sinit
000000000001ccf0 0000000000000118 T _malloc_trim_r
000000000001ce10 00000000000002f0 T _free_r
000000000001d100 00000000000000a4 T _fwalk_reent
000000000001d1b0 0000000000000100 T _findenv_r
000000000001d2b0 0000000000000008 T iswspace
000000000001d2c0 0000000000000008 T __localeconv_l
000000000001d2d0 0000000000000028 T _localeconv_r
000000000001d300 000000000000002c T __locale_mb_cur_max
000000000001d330 0000000000000094 T __swhatbuf_r
000000000001d3d0 000000000000010c T __smakebuf_r
000000000001d4e0 00000000000000f0 T _mbrtowc_r
000000000001d5d0 00000000000002c8 T __utf8_mbtowc
000000000001d8a0 000000000000008c T _Balloc
000000000001d930 000000000000001c T _Bfree
000000000001d950 0000000000000108 T __multadd
000000000001da60 0000000000000138 T __s2b
000000000001dba0 000000000000005c T __hi0bits
000000000001dc00 000000000000009c T __lo0bits
000000000001dca0 000000000000004c T __i2b
000000000001dcf0 00000000000001e8 T __multiply
000000000001dee0 0000000000000104 T __pow5mult
000000000001dff0 0000000000000178 T __lshift
000000000001e170 0000000000000050 T __mcmp
000000000001e1c0 00000000000001b8 T __mdiff
000000000001e380 0000000000000084 T __ulp
000000000001e410 0000000000000164 T __b2d
000000000001e580 0000000000000154 T __d2b
000000000001e6e0 00000000000000a0 T __ratio
000000000001e780 0000000000000068 T __copybits
000000000001e7f0 000000000000006c T __any_on
000000000001e860 000000000000002c T realloc
000000000001e890 0000000000000538 T _realloc_r
000000000001edd0 00000000000000d4 T __sccl
000000000001eeb0 000000000000000c T nanf
000000000001eec0 000000000000007c T frexp
000000000001ef40 00000000000000a8 T sprintf
000000000001eff0 0000000000000098 T stpncpy
000000000001f090 0000000000001194 T _strtod_l
0000000000020230 0000000000000054 T _strtod_r
0000000000020290 000000000000018c t _strtoll_l.constprop.0
0000000000020420 0000000000000044 T _strtoll_r
0000000000020470 000000000000018c t _strtol_l.part.0
0000000000020600 0000000000000070 T _strtol_r
0000000000020670 000000000000019c t _strtoull_l.constprop.0
0000000000020810 0000000000000044 T _strtoull_r
0000000000020854 00000000000001bc T __ssprint_r
0000000000020a10 00000000000000f0 T _sungetc_r
0000000000020b00 0000000000000070 T __ssrefill_r
0000000000020b70 00000000000000e0 T _sfread_r
0000000000020c50 00000000000007e0 t get_arg
0000000000021430 0000000000003bf4 T _svfprintf_r
0000000000025030 00000000000000c8 T __submore
00000000000250f8 00000000000007e0 t get_arg
00000000000258d8 0000000000000038 T __sprint_r
0000000000025910 0000000000002958 T _vfiprintf_r
0000000000028268 00000000000000f0 t __sbprintf
0000000000028360 00000000000001e0 T _wcsnrtombs_l
0000000000028540 0000000000000074 T _wcsnrtombs_r
00000000000285c0 00000000000000e4 T __utf8_wctomb
00000000000286b0 0000000000000064 T __assert_func
0000000000028720 00000000000000b0 T _calloc_r
00000000000287d0 000000000000015c T _fclose_r
0000000000028930 0000000000000084 T fiprintf
00000000000289c0 00000000000004dc T __sfvwrite_r
0000000000028ea0 0000000000000114 t rshift
0000000000028fc0 0000000000000848 T __gethex
0000000000029810 0000000000000048 T __match
0000000000029860 0000000000000258 T __hexnan
0000000000029ac0 0000000000000048 T iswspace_l
0000000000029b40 00000000000000ac T memmove
0000000000029bf0 000000000000000c T nan
0000000000029c00 0000000000000018 T abort
0000000000029c20 0000000000000080 T category
0000000000029ca0 00000000000000b4 T _raise_r
0000000000029d60 0000000000000024 T raise
0000000000029d90 0000000000000008 t null_write
0000000000029da0 0000000000000018 T setDefaultDevice
0000000000029dc0 0000000000000108 T FindDevice
0000000000029ed0 0000000000000034 T RemoveDevice
0000000000029f10 00000000000000dc T AddDevice
0000000000029ff0 0000000000000034 T GetDeviceOpTab
000000000002a030 00000000000000a8 T _close_r
000000000002a0e0 0000000000000084 T _fstat_r
000000000002a170 0000000000000014 T _getpid_r
000000000002a190 0000000000000008 T _isatty_r
000000000002a1a0 0000000000000014 T _kill_r
000000000002a1c0 0000000000000098 T _lseek_r
000000000002a260 00000000000000a4 T _read_r
000000000002a310 0000000000000078 T _sbrk_r
000000000002a390 00000000000000a4 T _write_r
000000000002a440 0000000000000020 T _exit
000000000002a460 0000000000000228 T _concatenate_path
000000000002a690 0000000000000178 T chdir
000000000002a810 0000000000000014 T __libc_lock_acquire
000000000002a830 0000000000000014 T __libc_lock_release
000000000002a850 000000000000000c T __libc_lock_init_recursive
000000000002a860 0000000000000014 T __libc_lock_acquire_recursive
000000000002a880 0000000000000014 T __libc_lock_release_recursive
000000000002a8a0 0000000000000004 T __libc_lock_close_recursive
000000000002a8b0 0000000000000040 T __free_handle
000000000002a8f0 0000000000000058 T __release_handle
000000000002a950 0000000000000020 T __get_handle
000000000002a970 0000000000000020 T __getreent
000000000002a990 0000000000000150 t __extenddftf2
000000000002aae0 00000000000002f8 t __trunctfdf2
000000000002ade0 0000000000000070 t __sfp_handle_exceptions
000000000002ae50 0000000000000100 T strrchr
000000000002af50 T _fini
000000000002b000 R __rodata_start
000000000002b028 0000000000000014 r CSWTCH.560
000000000002b108 0000000000000030 r colorTable
000000000002b138 R default_font_bin
000000000002d138 R default_font_bin_end
000000000002d140 0000000000000038 r g_nvColorFmtTable
000000000002d1b0 0000000000000020 r error_table
000000000002d1f8 0000000000000023 r g_bq_InterfaceDescriptor
000000000002d230 0000000000000101 R _ctype_
000000000002d450 0000000000000022 r basefix.0
000000000002d5c8 0000000000000010 r blanks.1
000000000002d5d8 0000000000000010 r zeroes.0
000000000002d728 0000000000000028 R __mprec_bigtens
000000000002d750 00000000000000c8 R __mprec_tens
000000000002d818 000000000000000c r p05.0
000000000002d858 0000000000000014 r fpi.1
000000000002d870 0000000000000014 r fpinan.0
000000000002d888 0000000000000028 r tinytens
000000000002d8b0 000000000000006c R __action_table
000000000002d920 0000000000000100 R __chclass
000000000002da20 000000000000006c R __state_table
000000000002db98 0000000000000010 r blanks.1
000000000002dba8 0000000000000010 r zeroes.0
000000000002dcc8 0000000000000010 r blanks.1
000000000002dcd8 0000000000000010 r zeroes.0
000000000002dd78 0000000000000100 R __hexdig
000000000002de78 0000000000003528 r categories
00000000000313a0 r __EH_FRAME_BEGIN__
00000000000313a0 R __eh_frame_hdr_end
00000000000313a0 R __eh_frame_hdr_start
0000000000036f4c r __FRAME_END__
0000000000036f50 a _DYNAMIC
000000000003a000 R __data_start
000000000003a000 t __frame_dummy_init_array_entry
000000000003a000 T __init_array_start
000000000003a000 B __preinit_array_end
000000000003a000 B __preinit_array_start
000000000003a000 D __tdata_lma
000000000003a000 D __tdata_lma_end
000000000003a008 t __do_global_dtors_aux_fini_array_entry
000000000003a008 T __fini_array_start
000000000003a008 T __init_array_end
000000000003a010 T __fini_array_end
000000000003a010 T __got_start__
000000000003a010 a _GLOBAL_OFFSET_TABLE_
000000000003a288 D __got_end__
000000000003a288 0000000000000001 V __nx_applet_auto_notifyrunning
000000000003a28c 0000000000000004 V __nx_applet_type
000000000003a290 0000000000000058 d defaultConsole
000000000003a2e8 0000000000000008 d currentConsole
000000000003a2f0 00000000000000e0 d dotab_stdout
000000000003a3d0 0000000000000088 d s_consoleSwRenderer
000000000003a458 0000000000000008 V __nx_exception_stack_size
000000000003a460 0000000000000004 V __nx_fsdev_direntry_cache_size
000000000003a464 0000000000000001 V __nx_fsdev_support_cwd
000000000003a468 00000000000000e0 d fsdev_devoptab
000000000003a548 0000000000000004 V __nx_vi_stray_layer_flags
000000000003a54c 0000000000000004 d g_viServiceType
000000000003a550 0000000000000004 V __nx_fs_num_sessions
000000000003a554 0000000000000004 V __nx_nv_transfermem_size
000000000003a558 0000000000000004 d g_ctrl_fd
000000000003a55c 0000000000000004 d g_nvmap_fd
000000000003a560 0000000000000008 D _impure_ptr
000000000003a568 0000000000000768 d impure_data
000000000003acd0 0000000000000008 D _global_impure_ptr
000000000003acd8 0000000000000008 D __malloc_sbrk_base
000000000003ace0 0000000000000008 D __malloc_trim_threshold
000000000003ace8 0000000000000810 D __malloc_av_
000000000003b4f8 0000000000000008 D environ
000000000003b500 00000000000001a8 D __global_locale
000000000003b6a8 0000000000000004 d defaultDevice
000000000003b6b0 0000000000000080 D devoptab_list
000000000003b730 00000000000000e0 D dotab_stdnull
000000000003b810 0000000000000400 d _current_working_directory
000000000003bc10 0000000000000010 d __stderr_handle
000000000003bc20 0000000000000010 d __stdin_handle
000000000003bc30 0000000000000010 d __stdout_handle
000000000003bc40 0000000000002000 d handles
000000000003dc40 D __bss_start__
000000000003dc40 b completed.1
000000000003dc48 b object.0
000000000003dc78 0000000000000080 V __nx_applet_AppletAttribute
000000000003dcf8 0000000000000008 V __nx_applet_PerformanceConfiguration
000000000003dd00 0000000000000004 V __nx_applet_exit_mode
000000000003dd04 0000000000000001 b g_appletCopyrightInitialized
000000000003dd08 0000000000000028 b g_appletCopyrightTmem
000000000003dd30 0000000000000004 b g_appletCpuBoostMode
000000000003dd34 0000000000000001 b g_appletExitProcessFlag
000000000003dd38 0000000000000004 b g_appletExitProcessResult
000000000003dd40 0000000000000018 b g_appletFirstHook
000000000003dd58 0000000000000001 b g_appletFocusState
000000000003dd60 0000000000000008 b g_appletGuard
000000000003dd68 0000000000000010 b g_appletIAppletCommonFunctions
000000000003dd78 0000000000000010 b g_appletIApplicationCreator
000000000003dd88 0000000000000010 b g_appletIAudioController
000000000003dd98 0000000000000010 b g_appletICommonStateGetter
000000000003dda8 0000000000000010 b g_appletIDebugFunctions
000000000003ddb8 0000000000000010 b g_appletIDisplayController
000000000003ddc8 0000000000000010 b g_appletIFunctions
000000000003ddd8 0000000000000010 b g_appletIGlobalStateController
000000000003dde8 0000000000000010 b g_appletILibraryAppletCreator
000000000003ddf8 0000000000000010 b g_appletILibraryAppletSelfAccessor
000000000003de08 0000000000000010 b g_appletIProcessWindingController
000000000003de18 0000000000000010 b g_appletISelfController
000000000003de28 0000000000000010 b g_appletIWindowController
000000000003de38 0000000000000050 b g_appletInfo
000000000003de88 0000000000000001 b g_appletInfoInitialized
000000000003de90 0000000000000008 b g_appletInitTickBase
000000000003de98 0000000000000001 b g_appletLeftInitialized
000000000003dea0 000000000000000c b g_appletLibraryAppletLaunchableEvent
000000000003deb0 000000000000000c b g_appletMessageEvent
000000000003debc 0000000000000001 b g_appletNotifiedRunning
000000000003debd 0000000000000001 b g_appletOperationMode
000000000003dec0 0000000000000004 b g_appletPerformanceMode
000000000003dec8 0000000000000010 b g_appletProxySession
000000000003ded8 0000000000000004 b g_appletRecordingInitialized
000000000003dee0 0000000000000028 b g_appletRecordingTmem
000000000003df08 0000000000000008 b g_appletResourceUserId
000000000003df10 0000000000000010 b g_appletSrv
000000000003df20 0000000000000008 b g_appletSuspendedTick
000000000003df28 000000000000000c b g_appletSuspendedTickEvent
000000000003df34 0000000000000001 b g_appletSuspendedTickInitialized
000000000003df38 0000000000000004 b g_hosVersion
000000000003df3c 0000000000000001 b g_hasRandomSeed
000000000003df3d 0000000000000001 b g_isNso
000000000003df40 0000000000000004 b g_lastLoadResult
000000000003df48 0000000000000008 b g_loaderInfo
000000000003df50 0000000000000008 b g_loaderInfoSize
000000000003df58 0000000000000008 b g_loaderRetAddr
000000000003df60 0000000000000004 b g_mainThreadHandle
000000000003df68 0000000000000008 b g_nextLoadArgv
000000000003df70 0000000000000008 b g_nextLoadPath
000000000003df78 0000000000000008 b g_overrideArgv
000000000003df80 0000000000000008 b g_overrideHeapAddr
000000000003df88 0000000000000008 b g_overrideHeapSize
000000000003df90 0000000000000004 b g_processHandle
000000000003df98 0000000000000010 b g_randomSeed
000000000003dfa8 0000000000000010 b g_syscallHints
000000000003dfb8 0000000000000008 b g_userIdStorage
000000000003dfc0 0000000000000058 b currentCopy
000000000003e018 0000000000000001 b didFirstConsoleInit.0
000000000003e020 B __stack_top
000000000003e028 0000000000000010 b g_AliasRegion
000000000003e038 0000000000000010 b g_AslrRegion
000000000003e048 0000000000000010 b g_HeapRegion
000000000003e058 0000000000000001 b g_IsLegacyKernel
000000000003e060 0000000000000008 b g_Reservations
000000000003e068 0000000000000010 b g_StackRegion
000000000003e078 0000000000000004 b g_VirtmemMutex
000000000003e080 0000000000000040 b g_chacha
000000000003e0c0 0000000000000001 b g_randInit
000000000003e0c4 0000000000000004 b g_randMutex
000000000003e0c8 0000000000000008 b g_apmGuard
000000000003e0d0 0000000000000010 b g_apmISession
000000000003e0e0 0000000000000010 b g_apmSrv
000000000003e0f0 0000000000000008 b g_smGuard
000000000003e0f8 0000000000000180 b g_smOverrides
000000000003e278 0000000000000008 b g_smOverridesNum
000000000003e280 0000000000000010 b g_smSrv
000000000003e290 0000000000000008 b g_hidGuard
000000000003e298 0000000000000010 b g_hidIActiveVibrationDeviceList
000000000003e2a8 0000000000000010 b g_hidIAppletResource
000000000003e2b8 0000000000000020 b g_hidSharedmem
000000000003e2d8 0000000000000010 b g_hidSrv
000000000003e2e8 0000000000000008 b g_sevenSixAxisSensorBuffer
000000000003e2f0 0000000000000080 b g_defaultWin
000000000003e370 0000000000000050 b g_viDisplay
000000000003e3c0 0000000000000010 b g_viLayer
000000000003e3d0 0000000000000004 V __nx_exception_ignoredebug
000000000003e3e0 0000000000000400 V __nx_exception_stack
000000000003e7e0 0000000000000340 B __nx_exceptiondump
000000000003eb20 0000000000000008 V __nx_heap_size
000000000003eb28 0000000000000008 b __bootticks
000000000003eb30 0000000000000008 b __boottime
000000000003eb38 0000000000000004 V __nx_time_type
000000000003eb3c 0000000000000004 B __system_argc
000000000003eb40 0000000000000008 B __system_argv
000000000003eb48 0000000000000008 b g_argv_empty
000000000003eb50 0000000000000004 b fsdev_fsdevice_cwd
000000000003eb58 0000000000002400 b fsdev_fsdevices
0000000000040f58 0000000000000001 b fsdev_initialised
0000000000040f60 0000000000000038 b g_mainThread
0000000000040f98 0000000000000008 b g_threadList
0000000000040fa0 0000000000000004 b g_threadMutex
0000000000040fa8 0000000000000008 V __nx_vi_layer_id
0000000000040fb0 0000000000000008 b g_viGuard
0000000000040fb8 0000000000000010 b g_viIApplicationDisplayService
0000000000040fc8 0000000000000010 b g_viIHOSBinderDriverIndirect
0000000000040fd8 0000000000000010 b g_viIHOSBinderDriverRelay
0000000000040fe8 0000000000000010 b g_viIManagerDisplayService
0000000000040ff8 0000000000000010 b g_viISystemDisplayService
0000000000041008 0000000000000008 b g_setsysGuard
0000000000041010 0000000000000010 b g_setsysSrv
0000000000041020 0000000000000008 b g_fsGuard
0000000000041028 0000000000000054 b g_fsSessionMgr
0000000000041080 0000000000000010 b g_fsSrv
0000000000041090 0000000000000008 b g_nvGuard
0000000000041098 0000000000000010 b g_nvSrv
00000000000410a8 0000000000000010 b g_nvSrvClone
00000000000410b8 0000000000000028 b g_nvTransfermem
00000000000410e0 0000000000000004 V __nx_time_service_type
00000000000410e8 0000000000000008 b g_timeGuard
00000000000410f0 0000000000000010 b g_timeLocalSystemClock
0000000000041100 0000000000000010 b g_timeNetworkSystemClock
0000000000041110 0000000000000020 b g_timeSharedmem
0000000000041130 0000000000000010 b g_timeSrv
0000000000041140 0000000000000010 b g_timeSteadyClock
0000000000041150 0000000000000010 b g_timeTimeZoneService
0000000000041160 0000000000000010 b g_timeUserSystemClock
0000000000041170 0000000000000008 b g_NvEventUsedMask
0000000000041178 0000000000000300 b g_NvEvents
0000000000041478 0000000000000008 b g_nvFenceGuard
0000000000041480 0000000000000008 b g_nvMapGuard
0000000000041488 0000000000000004 B __nxlink_host
0000000000041490 0000000000000028 B __malloc_current_mallinfo
00000000000414b8 0000000000000008 B __malloc_max_sbrked_mem
00000000000414c0 0000000000000008 B __malloc_max_total_mem
00000000000414c8 0000000000000008 B __malloc_top_pad
00000000000414d0 000000000000000c b __malloc_recursive_mutex
00000000000414dc 0000000000000004 b alloced.0
00000000000414e0 000000000000000c B __atexit_recursive_mutex
00000000000414f0 0000000000000008 b initial_env
00000000000414f8 000000000000000c b __env_recursive_mutex
0000000000041508 000000000000000c b __sfp_recursive_mutex
0000000000041518 000000000000000c b __sinit_recursive_mutex
0000000000041528 0000000000000008 b heap_start.0
0000000000041530 0000000000000008 B fake_heap_end
0000000000041538 0000000000000008 B fake_heap_start
0000000000041540 0000000000000400 b temp_cwd
0000000000041940 0000000000000004 b __hndl_lock
0000000000041948 B __tls_start
0000000000041d58 B __bss_end__
0000000000041d58 A __end__
0000000000041d58 B __tls_end
0000000000042000 A __argdata__
